<?xml version="1.0" encoding="UTF-8" ?>
<testsuite errors="0" failures="0" hostname="mushroom.cable.virginmedia.net" name="com.unsprung.careless.PostProcessorTest" tests="3" time="0" timestamp="2014-09-19T16:26:17">
    <properties>
        <property name="awt.toolkit" value="sun.lwawt.macosx.LWCToolkit" />
        <property name="file.encoding" value="UTF-8" />
        <property name="file.encoding.pkg" value="sun.io" />
        <property name="file.separator" value="/" />
        <property name="ftp.nonProxyHosts" value="barcapint.com|*.barcapint.com" />
        <property name="gopherProxySet" value="false" />
        <property name="http.nonProxyHosts" value="barcapint.com|*.barcapint.com" />
        <property name="java.awt.graphicsenv" value="sun.awt.CGraphicsEnvironment" />
        <property name="java.awt.printerjob" value="sun.lwawt.macosx.CPrinterJob" />
        <property name="java.class.path" value="/Users/rbarlow/dev/projects/careless/lib/jcompilo.jar:/Users/rbarlow/dev/projects/careless/build/artifacts/careless-dev.build-tests.jar:/Users/rbarlow/dev/projects/careless/build/artifacts/careless-dev.build.jar:/Users/rbarlow/dev/projects/careless/lib/build/hamcrest-core-1.2-sources.jar:/Users/rbarlow/dev/projects/careless/lib/build/hamcrest-core-1.2.jar:/Users/rbarlow/dev/projects/careless/lib/build/hamcrest-library-1.2.jar:/Users/rbarlow/dev/projects/careless/lib/build/junit-dep-4.8.2.jar:/Users/rbarlow/dev/projects/careless/lib/jcompilo.jar:/Users/rbarlow/dev/projects/careless/lib/optional/asm-all-4.1-sources.jar:/Users/rbarlow/dev/projects/careless/lib/optional/asm-all-4.1.jar:/Users/rbarlow/dev/projects/careless/lib/optional/cglib-nodep-2.2.jar:/Users/rbarlow/dev/projects/careless/lib/optional/enumerable-java-0.4.0.jar:/Users/rbarlow/dev/projects/careless/lib/optional/objenesis-1.2.jar:/Users/rbarlow/dev/projects/careless/lib/runtime/lesscss-deps-1.3.2-0.jar:/Users/rbarlow/dev/projects/careless/lib/runtime/totallylazy-1.21-sources.jar:/Users/rbarlow/dev/projects/careless/lib/runtime/totallylazy-1.21.jar" />
        <property name="java.class.version" value="51.0" />
        <property name="java.endorsed.dirs" value="/Library/Java/JavaVirtualMachines/jdk1.7.0_45.jdk/Contents/Home/jre/lib/endorsed" />
        <property name="java.ext.dirs" value="/Users/rbarlow/Library/Java/Extensions:/Library/Java/JavaVirtualMachines/jdk1.7.0_45.jdk/Contents/Home/jre/lib/ext:/Library/Java/Extensions:/Network/Library/Java/Extensions:/System/Library/Java/Extensions:/usr/lib/java" />
        <property name="java.home" value="/Library/Java/JavaVirtualMachines/jdk1.7.0_45.jdk/Contents/Home/jre" />
        <property name="java.io.tmpdir" value="/var/folders/q0/hs0v8yxj0zg4pc8gw1p7p1wc0000gp/T/" />
        <property name="java.library.path" value="/Users/rbarlow/Library/Java/Extensions:/Library/Java/Extensions:/Network/Library/Java/Extensions:/System/Library/Java/Extensions:/usr/lib/java:." />
        <property name="java.runtime.name" value="Java(TM) SE Runtime Environment" />
        <property name="java.runtime.version" value="1.7.0_45-b18" />
        <property name="java.specification.name" value="Java Platform API Specification" />
        <property name="java.specification.vendor" value="Oracle Corporation" />
        <property name="java.specification.version" value="1.7" />
        <property name="java.vendor" value="Oracle Corporation" />
        <property name="java.vendor.url" value="http://java.oracle.com/" />
        <property name="java.vendor.url.bug" value="http://bugreport.sun.com/bugreport/" />
        <property name="java.version" value="1.7.0_45" />
        <property name="java.vm.info" value="mixed mode" />
        <property name="java.vm.name" value="Java HotSpot(TM) 64-Bit Server VM" />
        <property name="java.vm.specification.name" value="Java Virtual Machine Specification" />
        <property name="java.vm.specification.vendor" value="Oracle Corporation" />
        <property name="java.vm.specification.version" value="1.7" />
        <property name="java.vm.vendor" value="Oracle Corporation" />
        <property name="java.vm.version" value="24.45-b08" />
        <property name="line.separator" value="
" />
        <property name="os.arch" value="x86_64" />
        <property name="os.name" value="Mac OS X" />
        <property name="os.version" value="10.9.4" />
        <property name="path.separator" value=":" />
        <property name="socksNonProxyHosts" value="barcapint.com|*.barcapint.com" />
        <property name="sun.arch.data.model" value="64" />
        <property name="sun.boot.class.path" value="/Library/Java/JavaVirtualMachines/jdk1.7.0_45.jdk/Contents/Home/jre/lib/resources.jar:/Library/Java/JavaVirtualMachines/jdk1.7.0_45.jdk/Contents/Home/jre/lib/rt.jar:/Library/Java/JavaVirtualMachines/jdk1.7.0_45.jdk/Contents/Home/jre/lib/sunrsasign.jar:/Library/Java/JavaVirtualMachines/jdk1.7.0_45.jdk/Contents/Home/jre/lib/jsse.jar:/Library/Java/JavaVirtualMachines/jdk1.7.0_45.jdk/Contents/Home/jre/lib/jce.jar:/Library/Java/JavaVirtualMachines/jdk1.7.0_45.jdk/Contents/Home/jre/lib/charsets.jar:/Library/Java/JavaVirtualMachines/jdk1.7.0_45.jdk/Contents/Home/jre/lib/jfr.jar:/Library/Java/JavaVirtualMachines/jdk1.7.0_45.jdk/Contents/Home/jre/lib/JObjC.jar:/Library/Java/JavaVirtualMachines/jdk1.7.0_45.jdk/Contents/Home/jre/classes" />
        <property name="sun.boot.library.path" value="/Library/Java/JavaVirtualMachines/jdk1.7.0_45.jdk/Contents/Home/jre/lib" />
        <property name="sun.cpu.endian" value="little" />
        <property name="sun.cpu.isalist" value="" />
        <property name="sun.io.unicode.encoding" value="UnicodeBig" />
        <property name="sun.java.command" value="com.googlecode.jcompilo.tests.junit.TestExecutor 4 /Users/rbarlow/dev/projects/careless/build/artifacts/reports com/unsprung/careless/PostProcessorTest.java" />
        <property name="sun.java.launcher" value="SUN_STANDARD" />
        <property name="sun.jnu.encoding" value="UTF-8" />
        <property name="sun.management.compiler" value="HotSpot 64-Bit Tiered Compilers" />
        <property name="sun.os.patch.level" value="unknown" />
        <property name="user.country" value="US" />
        <property name="user.country.format" value="GB" />
        <property name="user.dir" value="/Users/rbarlow/dev/projects/careless" />
        <property name="user.home" value="/Users/rbarlow" />
        <property name="user.language" value="en" />
        <property name="user.name" value="rbarlow" />
        <property name="user.timezone" value="Europe/London" />

    </properties>
    <testcase classname="com.unsprung.careless.PostProcessorTest" name="noChangeMadeWhenThereAreNoPostProcessors" time="0.001" ></testcase>
    <testcase classname="com.unsprung.careless.PostProcessorTest" name="canChangeCompiledCss" time="0.052" ></testcase>
    <testcase classname="com.unsprung.careless.PostProcessorTest" name="shouldApplyChangesInOrder" time="0.001" ></testcase>

    <system-out><![CDATA[]]></system-out>
    <system-err><![CDATA[]]></system-err>
</testsuite>
